<?xml version="1.0" encoding="UTF-8"?>
<testng-results skipped="0" failed="0" total="1" passed="1">
  <reporter-output>
  </reporter-output>
  <suite name="Suite" duration-ms="24753" started-at="2020-08-06T14:48:28Z" finished-at="2020-08-06T14:48:53Z">
    <groups>
    </groups>
    <test name="Test" duration-ms="24753" started-at="2020-08-06T14:48:28Z" finished-at="2020-08-06T14:48:53Z">
      <class name="demo.Test3">
        <test-method status="PASS" signature="mainTest()[pri:0, instance:demo.Test3@33ce2c]" name="mainTest" duration-ms="24727" started-at="2020-08-06T10:48:28Z" finished-at="2020-08-06T10:48:53Z">
          <reporter-output>
          </reporter-output>
        </test-method> <!-- mainTest -->
      </class> <!-- demo.Test3 -->
    </test> <!-- Test -->
  </suite> <!-- Suite -->
</testng-results>
